<?xml version="1.0" encoding="UTF-8"?>
<!-- Generated by org.testng.reporters.JUnitReportReporter -->
<testsuite hostname="DESKTOP-JHJSRF5" failures="0" tests="3" name="practice.DataProviderPractice" time="0.030" errors="0" timestamp="2023-03-09T12:58:18 IST" skipped="0">
  <testcase classname="practice.DataProviderPractice" name="data" time="0.010"/>
  <system-out/>
  <testcase classname="practice.DataProviderPractice" name="data" time="0.009"/>
  <system-out/>
  <testcase classname="practice.DataProviderPractice" name="data" time="0.011"/>
  <system-out/>
</testsuite> <!-- practice.DataProviderPractice -->
