<?xml version="1.0" encoding="UTF-8"?>
<!-- Generated by org.testng.reporters.JUnitReportReporter -->
<testsuite hostname="DESKTOP-JHJSRF5" failures="0" tests="1" name="vtiger.ContactsTests.CreateContactWithOrgTest" time="28.612" errors="0" timestamp="2023-03-17T15:46:46 IST" skipped="0">
  <testcase classname="vtiger.ContactsTests.CreateContactWithOrgTest" name="createContactWithOrgTest" time="28.612"/>
  <system-out/>
</testsuite> <!-- vtiger.ContactsTests.CreateContactWithOrgTest -->
