<?xml version="1.0" encoding="UTF-8"?>
<!-- Generated by org.testng.reporters.JUnitReportReporter -->
<testsuite hostname="DESKTOP-JHJSRF5" failures="0" tests="1" name="vtiger.OrganizationTests.CreateOrganizationsTest" time="20.808" errors="0" timestamp="2023-03-17T15:44:18 IST" skipped="0">
  <testcase classname="vtiger.OrganizationTests.CreateOrganizationsTest" name="createOrg" time="20.808"/>
  <system-out/>
</testsuite> <!-- vtiger.OrganizationTests.CreateOrganizationsTest -->
