<?xml version="1.0" encoding="UTF-8"?>
<!-- Generated by org.testng.reporters.JUnitReportReporter -->
<testsuite hostname="DESKTOP-JHJSRF5" failures="0" tests="3" name="practice.TestNGPractice" time="0.015" errors="0" timestamp="2023-03-02T12:48:43 IST" skipped="1">
  <testcase classname="practice.TestNGPractice" name="deleteuser" time="0.013"/>
  <system-out/>
  <testcase classname="practice.TestNGPractice" name="updateuser" time="0.002"/>
  <system-out/>
  <testcase classname="practice.TestNGPractice" name="createuser">
    <skipped/>
  </testcase> <!-- createuser -->
  <system-out/>
</testsuite> <!-- practice.TestNGPractice -->
